#
# There is insufficient memory for the Java Runtime Environment to continue.
# Native memory allocation (malloc) failed to allocate 32744 bytes for ChunkPool::allocate
# Possible reasons:
#   The system is out of physical RAM or swap space
#   In 32 bit mode, the process size limit was hit
# Possible solutions:
#   Reduce memory load on the system
#   Increase physical memory or swap space
#   Check if swap backing store is full
#   Use 64 bit Java on a 64 bit OS
#   Decrease Java heap size (-Xmx/-Xms)
#   Decrease number of Java threads
#   Decrease Java thread stack sizes (-Xss)
#   Set larger code cache with -XX:ReservedCodeCacheSize=
# This output file may be truncated or incomplete.
#
#  Out of Memory Error (allocation.cpp:273), pid=8340, tid=0x00000000000011fc
#
# JRE version: Java(TM) SE Runtime Environment (8.0_151-b12) (build 1.8.0_151-b12)
# Java VM: Java HotSpot(TM) 64-Bit Server VM (25.151-b12 mixed mode windows-amd64 compressed oops)
# Failed to write core dump. Minidumps are not enabled by default on client versions of Windows
#

---------------  T H R E A D  ---------------

Current thread (0x0000000018205000):  JavaThread "C1 CompilerThread2" daemon [_thread_in_native, id=4604, stack(0x0000000018c10000,0x0000000018d10000)]

Stack: [0x0000000018c10000,0x0000000018d10000]
[error occurred during error reporting (printing stack bounds), id 0xc0000005]

Native frames: (J=compiled Java code, j=interpreted, Vv=VM code, C=native code)


Current CompileTask:
C1:  77563 5027   !   3       org.eclipse.jdt.internal.core.search.indexing.BinaryIndexer::indexDocument (1159 bytes)


---------------  P R O C E S S  ---------------

Java Threads: ( => current thread )
  0x000000001c6f0800 JavaThread "Worker-5" [_thread_blocked, id=11252, stack(0x000000001f2b0000,0x000000001f3b0000)]
  0x000000001c6ef000 JavaThread "Worker-4: Java indexing... " [_thread_blocked, id=14312, stack(0x000000001f1b0000,0x000000001f2b0000)]
  0x000000001c6ed000 JavaThread "Worker-3" [_thread_blocked, id=2504, stack(0x000000001f0b0000,0x000000001f1b0000)]
  0x000000001c6f0000 JavaThread "Worker-2" [_thread_blocked, id=9316, stack(0x000000001ef50000,0x000000001f050000)]
  0x000000001a020000 JavaThread "Bundle File Closer" daemon [_thread_blocked, id=12372, stack(0x000000001c0f0000,0x000000001c1f0000)]
  0x0000000019517000 JavaThread "pool-1-thread-1" [_thread_in_native, id=2104, stack(0x000000001bff0000,0x000000001c0f0000)]
  0x000000001a034000 JavaThread "pool-2-thread-1" [_thread_blocked, id=1716, stack(0x000000001bcf0000,0x000000001bdf0000)]
  0x0000000019321000 JavaThread "Worker-1" [_thread_blocked, id=4676, stack(0x000000001bbf0000,0x000000001bcf0000)]
  0x0000000019ca9000 JavaThread "Java indexing" daemon [_thread_in_native, id=2888, stack(0x000000001baf0000,0x000000001bbf0000)]
  0x0000000019168800 JavaThread "Worker-0" [_thread_blocked, id=12044, stack(0x000000001b7f0000,0x000000001b8f0000)]
  0x0000000019fd3800 JavaThread "Worker-JM" [_thread_blocked, id=11236, stack(0x000000001af80000,0x000000001b080000)]
  0x0000000019118800 JavaThread "Start Level: Equinox Container: 79e697b7-6c0c-4aee-8f52-485eea2ada7f" daemon [_thread_blocked, id=4000, stack(0x000000001ad60000,0x000000001ae60000)]
  0x000000001911b000 JavaThread "Framework Event Dispatcher: Equinox Container: 79e697b7-6c0c-4aee-8f52-485eea2ada7f" daemon [_thread_blocked, id=1960, stack(0x000000001ac60000,0x000000001ad60000)]
  0x00000000193ea000 JavaThread "Active Thread: Equinox Container: 79e697b7-6c0c-4aee-8f52-485eea2ada7f" [_thread_blocked, id=10224, stack(0x0000000019b90000,0x0000000019c90000)]
  0x0000000018274000 JavaThread "Service Thread" daemon [_thread_blocked, id=3136, stack(0x0000000018d10000,0x0000000018e10000)]
=>0x0000000018205000 JavaThread "C1 CompilerThread2" daemon [_thread_in_native, id=4604, stack(0x0000000018c10000,0x0000000018d10000)]
  0x0000000018202000 JavaThread "C2 CompilerThread1" daemon [_thread_in_native, id=9188, stack(0x0000000018b10000,0x0000000018c10000)]
  0x0000000018201800 JavaThread "C2 CompilerThread0" daemon [_thread_blocked, id=12084, stack(0x0000000018a10000,0x0000000018b10000)]
  0x0000000018200800 JavaThread "Attach Listener" daemon [_thread_blocked, id=4060, stack(0x0000000018910000,0x0000000018a10000)]
  0x00000000181fb800 JavaThread "Signal Dispatcher" daemon [_thread_blocked, id=13028, stack(0x0000000018810000,0x0000000018910000)]
  0x000000001820a800 JavaThread "Surrogate Locker Thread (Concurrent GC)" daemon [_thread_blocked, id=1940, stack(0x0000000018710000,0x0000000018810000)]
  0x0000000018197800 JavaThread "Finalizer" daemon [_thread_blocked, id=5124, stack(0x0000000018600000,0x0000000018700000)]
  0x0000000018196800 JavaThread "Reference Handler" daemon [_thread_blocked, id=8384, stack(0x0000000018500000,0x0000000018600000)]
  0x000000000229e000 JavaThread "main" [_thread_blocked, id=12676, stack(0x0000000002190000,0x0000000002290000)]

Other Threads:
  0x000000001818f800 VMThread [stack: 0x0000000017f10000,0x0000000018010000] [id=3540]
  0x0000000018288000 WatcherThread [stack: 0x0000000018e10000,0x0000000018f10000] [id=9844]

VM state:not at safepoint (normal execution)

VM Mutex/Monitor currently owned by a thread: None

Heap:
 garbage-first heap   total 131072K, used 68861K [0x00000000c0000000, 0x00000000c0100400, 0x0000000100000000)
  region size 1024K, 16 young (16384K), 1 survivors (1024K)
 Metaspace       used 44931K, capacity 47176K, committed 47312K, reserved 1091584K
  class space    used 4812K, capacity 5579K, committed 5632K, reserved 1048576K

Heap Regions: (Y=young(eden), SU=young(survivor), HS=humongous(starts), HC=humongous(continues), CS=collection set, F=free, TS=gc time stamp, PTAMS=previous top-at-mark-start, NTAMS=next top-at-mark-start)
AC   0  O    TS     0 PTAMS 0x00000000c0100000 NTAMS 0x00000000c0100000 space 1024K, 100% used [0x00000000c0000000, 0x00000000c0100000)
AC   0  O    TS     0 PTAMS 0x00000000c0200000 NTAMS 0x00000000c0200000 space 1024K, 100% used [0x00000000c0100000, 0x00000000c0200000)
AC   0  O    TS     0 PTAMS 0x00000000c0300000 NTAMS 0x00000000c0300000 space 1024K, 100% used [0x00000000c0200000, 0x00000000c0300000)
AC   0  O    TS     0 PTAMS 0x00000000c0400000 NTAMS 0x00000000c0400000 space 1024K, 100% used [0x00000000c0300000, 0x00000000c0400000)
AC   0  O    TS     0 PTAMS 0x00000000c0500000 NTAMS 0x00000000c0500000 space 1024K, 100% used [0x00000000c0400000, 0x00000000c0500000)
AC   0  O    TS     0 PTAMS 0x00000000c0600000 NTAMS 0x00000000c0600000 space 1024K, 100% used [0x00000000c0500000, 0x00000000c0600000)
AC   0  O    TS     0 PTAMS 0x00000000c0700000 NTAMS 0x00000000c0700000 space 1024K, 100% used [0x00000000c0600000, 0x00000000c0700000)
AC   0  O    TS     0 PTAMS 0x00000000c0800000 NTAMS 0x00000000c0800000 space 1024K, 100% used [0x00000000c0700000, 0x00000000c0800000)
AC   0  O    TS     0 PTAMS 0x00000000c0900000 NTAMS 0x00000000c0900000 space 1024K, 100% used [0x00000000c0800000, 0x00000000c0900000)
AC   0  O    TS     0 PTAMS 0x00000000c0a00000 NTAMS 0x00000000c0a00000 space 1024K, 100% used [0x00000000c0900000, 0x00000000c0a00000)
AC   0  O    TS     0 PTAMS 0x00000000c0b00000 NTAMS 0x00000000c0b00000 space 1024K, 100% used [0x00000000c0a00000, 0x00000000c0b00000)
AC   0  O    TS     0 PTAMS 0x00000000c0c00000 NTAMS 0x00000000c0c00000 space 1024K, 100% used [0x00000000c0b00000, 0x00000000c0c00000)
AC   0  O    TS     0 PTAMS 0x00000000c0d00000 NTAMS 0x00000000c0d00000 space 1024K, 100% used [0x00000000c0c00000, 0x00000000c0d00000)
AC   0  O    TS     0 PTAMS 0x00000000c0e00000 NTAMS 0x00000000c0e00000 space 1024K, 100% used [0x00000000c0d00000, 0x00000000c0e00000)
AC   0  O    TS     0 PTAMS 0x00000000c0f00000 NTAMS 0x00000000c0f00000 space 1024K, 100% used [0x00000000c0e00000, 0x00000000c0f00000)
AC   0  O    TS     0 PTAMS 0x00000000c1000000 NTAMS 0x00000000c1000000 space 1024K, 100% used [0x00000000c0f00000, 0x00000000c1000000)
AC   0  O    TS     0 PTAMS 0x00000000c1100000 NTAMS 0x00000000c1100000 space 1024K, 100% used [0x00000000c1000000, 0x00000000c1100000)
AC   0  O    TS     0 PTAMS 0x00000000c1200000 NTAMS 0x00000000c1200000 space 1024K, 100% used [0x00000000c1100000, 0x00000000c1200000)
AC   0  O    TS     0 PTAMS 0x00000000c1300000 NTAMS 0x00000000c1300000 space 1024K, 100% used [0x00000000c1200000, 0x00000000c1300000)
AC   0 HS    TS     0 PTAMS 0x00000000c1380010 NTAMS 0x00000000c1380010 space 1024K,  50% used [0x00000000c1300000, 0x00000000c1400000)
AC   0  O    TS     0 PTAMS 0x00000000c1500000 NTAMS 0x00000000c1500000 space 1024K, 100% used [0x00000000c1400000, 0x00000000c1500000)
AC   0  O    TS     0 PTAMS 0x00000000c1600000 NTAMS 0x00000000c1600000 space 1024K, 100% used [0x00000000c1500000, 0x00000000c1600000)
AC   0  O    TS     0 PTAMS 0x00000000c1700000 NTAMS 0x00000000c1700000 space 1024K, 100% used [0x00000000c1600000, 0x00000000c1700000)
AC   0  O    TS     0 PTAMS 0x00000000c1800000 NTAMS 0x00000000c1800000 space 1024K, 100% used [0x00000000c1700000, 0x00000000c1800000)
AC   0  O    TS     0 PTAMS 0x00000000c1900000 NTAMS 0x00000000c1900000 space 1024K, 100% used [0x00000000c1800000, 0x00000000c1900000)
AC   0  O    TS     0 PTAMS 0x00000000c1a00000 NTAMS 0x00000000c1a00000 space 1024K, 100% used [0x00000000c1900000, 0x00000000c1a00000)
AC   0  O    TS     0 PTAMS 0x00000000c1b00000 NTAMS 0x00000000c1b00000 space 1024K, 100% used [0x00000000c1a00000, 0x00000000c1b00000)
AC   0  O    TS     0 PTAMS 0x00000000c1c00000 NTAMS 0x00000000c1c00000 space 1024K, 100% used [0x00000000c1b00000, 0x00000000c1c00000)
AC   0  O    TS     0 PTAMS 0x00000000c1d00000 NTAMS 0x00000000c1d00000 space 1024K, 100% used [0x00000000c1c00000, 0x00000000c1d00000)
AC   0 HS    TS     0 PTAMS 0x00000000c1dd8008 NTAMS 0x00000000c1dd8008 space 1024K,  84% used [0x00000000c1d00000, 0x00000000c1e00000)
AC   0  O    TS     0 PTAMS 0x00000000c1f00000 NTAMS 0x00000000c1f00000 space 1024K, 100% used [0x00000000c1e00000, 0x00000000c1f00000)
AC   0  O    TS     0 PTAMS 0x00000000c2000000 NTAMS 0x00000000c2000000 space 1024K, 100% used [0x00000000c1f00000, 0x00000000c2000000)
AC   0  O    TS     0 PTAMS 0x00000000c2100000 NTAMS 0x00000000c2100000 space 1024K, 100% used [0x00000000c2000000, 0x00000000c2100000)
AC   0  O    TS     0 PTAMS 0x00000000c2200000 NTAMS 0x00000000c2200000 space 1024K, 100% used [0x00000000c2100000, 0x00000000c2200000)
AC   0  O    TS     0 PTAMS 0x00000000c2300000 NTAMS 0x00000000c2300000 space 1024K, 100% used [0x00000000c2200000, 0x00000000c2300000)
AC   0  O    TS     0 PTAMS 0x00000000c2400000 NTAMS 0x00000000c2400000 space 1024K, 100% used [0x00000000c2300000, 0x00000000c2400000)
AC   0  O    TS     0 PTAMS 0x00000000c2500000 NTAMS 0x00000000c2500000 space 1024K, 100% used [0x00000000c2400000, 0x00000000c2500000)
AC   0  O    TS     0 PTAMS 0x00000000c2600000 NTAMS 0x00000000c2600000 space 1024K, 100% used [0x00000000c2500000, 0x00000000c2600000)
AC   0  O    TS     0 PTAMS 0x00000000c2700000 NTAMS 0x00000000c2700000 space 1024K, 100% used [0x00000000c2600000, 0x00000000c2700000)
AC   0  O    TS     0 PTAMS 0x00000000c2800000 NTAMS 0x00000000c2800000 space 1024K, 100% used [0x00000000c2700000, 0x00000000c2800000)
AC   0  O    TS     0 PTAMS 0x00000000c2900000 NTAMS 0x00000000c2900000 space 1024K, 100% used [0x00000000c2800000, 0x00000000c2900000)
AC   0  O    TS     0 PTAMS 0x00000000c2a00000 NTAMS 0x00000000c2a00000 space 1024K, 100% used [0x00000000c2900000, 0x00000000c2a00000)
AC   0  O    TS     0 PTAMS 0x00000000c2ae7400 NTAMS 0x00000000c2ae7400 space 1024K,  90% used [0x00000000c2a00000, 0x00000000c2b00000)
AC   0  O    TS     0 PTAMS 0x00000000c2c00000 NTAMS 0x00000000c2c00000 space 1024K, 100% used [0x00000000c2b00000, 0x00000000c2c00000)
AC   0  O    TS     0 PTAMS 0x00000000c2d00000 NTAMS 0x00000000c2d00000 space 1024K, 100% used [0x00000000c2c00000, 0x00000000c2d00000)
AC   0  O    TS     0 PTAMS 0x00000000c2e00000 NTAMS 0x00000000c2e00000 space 1024K, 100% used [0x00000000c2d00000, 0x00000000c2e00000)
AC   0  O    TS     0 PTAMS 0x00000000c2f00000 NTAMS 0x00000000c2f00000 space 1024K, 100% used [0x00000000c2e00000, 0x00000000c2f00000)
AC   0  F    TS     0 PTAMS 0x00000000c2f00000 NTAMS 0x00000000c2f00000 space 1024K,   0% used [0x00000000c2f00000, 0x00000000c3000000)
AC   0  O    TS     0 PTAMS 0x00000000c3100000 NTAMS 0x00000000c3100000 space 1024K, 100% used [0x00000000c3000000, 0x00000000c3100000)
AC   0  O    TS     0 PTAMS 0x00000000c3200000 NTAMS 0x00000000c3200000 space 1024K, 100% used [0x00000000c3100000, 0x00000000c3200000)
AC   0  F    TS     0 PTAMS 0x00000000c3200000 NTAMS 0x00000000c3200000 space 1024K,   0% used [0x00000000c3200000, 0x00000000c3300000)
AC   0  O    TS     0 PTAMS 0x00000000c3400000 NTAMS 0x00000000c3400000 space 1024K, 100% used [0x00000000c3300000, 0x00000000c3400000)
AC   0  F    TS     0 PTAMS 0x00000000c3400000 NTAMS 0x00000000c3400000 space 1024K,   0% used [0x00000000c3400000, 0x00000000c3500000)
AC   0  O    TS     0 PTAMS 0x00000000c3600000 NTAMS 0x00000000c3600000 space 1024K, 100% used [0x00000000c3500000, 0x00000000c3600000)
AC   0  O    TS     0 PTAMS 0x00000000c3700000 NTAMS 0x00000000c3700000 space 1024K, 100% used [0x00000000c3600000, 0x00000000c3700000)
AC   0  O    TS     0 PTAMS 0x00000000c3800000 NTAMS 0x00000000c3800000 space 1024K, 100% used [0x00000000c3700000, 0x00000000c3800000)
AC   0  F    TS     0 PTAMS 0x00000000c3800000 NTAMS 0x00000000c3800000 space 1024K,   0% used [0x00000000c3800000, 0x00000000c3900000)
AC   0  F    TS     0 PTAMS 0x00000000c3900000 NTAMS 0x00000000c3900000 space 1024K,   0% used [0x00000000c3900000, 0x00000000c3a00000)
AC   0  F    TS     0 PTAMS 0x00000000c3a00000 NTAMS 0x00000000c3a00000 space 1024K,   0% used [0x00000000c3a00000, 0x00000000c3b00000)
AC   0  F    TS     0 PTAMS 0x00000000c3b00000 NTAMS 0x00000000c3b00000 space 1024K,   0% used [0x00000000c3b00000, 0x00000000c3c00000)
AC   0  S CS TS     0 PTAMS 0x00000000c3c00000 NTAMS 0x00000000c3c00000 space 1024K, 100% used [0x00000000c3c00000, 0x00000000c3d00000)
AC   0  F    TS     0 PTAMS 0x00000000c3d00000 NTAMS 0x00000000c3d00000 space 1024K,   0% used [0x00000000c3d00000, 0x00000000c3e00000)
AC   0  F    TS     0 PTAMS 0x00000000c3e00000 NTAMS 0x00000000c3e00000 space 1024K,   0% used [0x00000000c3e00000, 0x00000000c3f00000)
AC   0  F    TS     0 PTAMS 0x00000000c3f00000 NTAMS 0x00000000c3f00000 space 1024K,   0% used [0x00000000c3f00000, 0x00000000c4000000)
AC   0  F    TS     0 PTAMS 0x00000000c4000000 NTAMS 0x00000000c4000000 space 1024K,   0% used [0x00000000c4000000, 0x00000000c4100000)
AC   0  F    TS     0 PTAMS 0x00000000c4100000 NTAMS 0x00000000c4100000 space 1024K,   0% used [0x00000000c4100000, 0x00000000c4200000)
AC   0  F    TS     0 PTAMS 0x00000000c4200000 NTAMS 0x00000000c4200000 space 1024K,   0% used [0x00000000c4200000, 0x00000000c4300000)
AC   0  F    TS     0 PTAMS 0x00000000c4300000 NTAMS 0x00000000c4300000 space 1024K,   0% used [0x00000000c4300000, 0x00000000c4400000)
AC   0  F    TS     0 PTAMS 0x00000000c4400000 NTAMS 0x00000000c4400000 space 1024K,   0% used [0x00000000c4400000, 0x00000000c4500000)
AC   0  F    TS     0 PTAMS 0x00000000c4500000 NTAMS 0x00000000c4500000 space 1024K,   0% used [0x00000000c4500000, 0x00000000c4600000)
AC   0  F    TS     0 PTAMS 0x00000000c4600000 NTAMS 0x00000000c4600000 space 1024K,   0% used [0x00000000c4600000, 0x00000000c4700000)
AC   0  F    TS     0 PTAMS 0x00000000c4700000 NTAMS 0x00000000c4700000 space 1024K,   0% used [0x00000000c4700000, 0x00000000c4800000)
AC   0  F    TS     0 PTAMS 0x00000000c4800000 NTAMS 0x00000000c4800000 space 1024K,   0% used [0x00000000c4800000, 0x00000000c4900000)
AC   0  F    TS     0 PTAMS 0x00000000c4900000 NTAMS 0x00000000c4900000 space 1024K,   0% used [0x00000000c4900000, 0x00000000c4a00000)
AC   0  F    TS     0 PTAMS 0x00000000c4a00000 NTAMS 0x00000000c4a00000 space 1024K,   0% used [0x00000000c4a00000, 0x00000000c4b00000)
AC   0  F    TS     0 PTAMS 0x00000000c4b00000 NTAMS 0x00000000c4b00000 space 1024K,   0% used [0x00000000c4b00000, 0x00000000c4c00000)
AC   0  F    TS     0 PTAMS 0x00000000c4c00000 NTAMS 0x00000000c4c00000 space 1024K,   0% used [0x00000000c4c00000, 0x00000000c4d00000)
AC   0  F    TS     0 PTAMS 0x00000000c4d00000 NTAMS 0x00000000c4d00000 space 1024K,   0% used [0x00000000c4d00000, 0x00000000c4e00000)
AC   0  F    TS     0 PTAMS 0x00000000c4e00000 NTAMS 0x00000000c4e00000 space 1024K,   0% used [0x00000000c4e00000, 0x00000000c4f00000)
AC   0  F    TS     0 PTAMS 0x00000000c4f00000 NTAMS 0x00000000c4f00000 space 1024K,   0% used [0x00000000c4f00000, 0x00000000c5000000)
AC   0  F    TS     0 PTAMS 0x00000000c5000000 NTAMS 0x00000000c5000000 space 1024K,   0% used [0x00000000c5000000, 0x00000000c5100000)
AC   0  F    TS     0 PTAMS 0x00000000c5100000 NTAMS 0x00000000c5100000 space 1024K,   0% used [0x00000000c5100000, 0x00000000c5200000)
AC   0  F    TS     0 PTAMS 0x00000000c5200000 NTAMS 0x00000000c5200000 space 1024K,   0% used [0x00000000c5200000, 0x00000000c5300000)
AC   0  F    TS     0 PTAMS 0x00000000c5300000 NTAMS 0x00000000c5300000 space 1024K,   0% used [0x00000000c5300000, 0x00000000c5400000)
AC   0  F    TS     0 PTAMS 0x00000000c5400000 NTAMS 0x00000000c5400000 space 1024K,   0% used [0x00000000c5400000, 0x00000000c5500000)
AC   0  F    TS     0 PTAMS 0x00000000c5500000 NTAMS 0x00000000c5500000 space 1024K,   0% used [0x00000000c5500000, 0x00000000c5600000)
AC   0  F    TS     0 PTAMS 0x00000000c5600000 NTAMS 0x00000000c5600000 space 1024K,   0% used [0x00000000c5600000, 0x00000000c5700000)
AC   0  F    TS     0 PTAMS 0x00000000c5700000 NTAMS 0x00000000c5700000 space 1024K,   0% used [0x00000000c5700000, 0x00000000c5800000)
AC   0  F    TS     0 PTAMS 0x00000000c5800000 NTAMS 0x00000000c5800000 space 1024K,   0% used [0x00000000c5800000, 0x00000000c5900000)
AC   0  F    TS     0 PTAMS 0x00000000c5900000 NTAMS 0x00000000c5900000 space 1024K,   0% used [0x00000000c5900000, 0x00000000c5a00000)
AC   0  F    TS     0 PTAMS 0x00000000c5a00000 NTAMS 0x00000000c5a00000 space 1024K,   0% used [0x00000000c5a00000, 0x00000000c5b00000)
AC   0  F    TS     0 PTAMS 0x00000000c5b00000 NTAMS 0x00000000c5b00000 space 1024K,   0% used [0x00000000c5b00000, 0x00000000c5c00000)
AC   0  F    TS     0 PTAMS 0x00000000c5c00000 NTAMS 0x00000000c5c00000 space 1024K,   0% used [0x00000000c5c00000, 0x00000000c5d00000)
AC   0  F    TS     0 PTAMS 0x00000000c5d00000 NTAMS 0x00000000c5d00000 space 1024K,   0% used [0x00000000c5d00000, 0x00000000c5e00000)
AC   0  F    TS     0 PTAMS 0x00000000c5e00000 NTAMS 0x00000000c5e00000 space 1024K,   0% used [0x00000000c5e00000, 0x00000000c5f00000)
AC   0  F    TS     0 PTAMS 0x00000000c5f00000 NTAMS 0x00000000c5f00000 space 1024K,   0% used [0x00000000c5f00000, 0x00000000c6000000)
AC   0  F    TS     0 PTAMS 0x00000000c6000000 NTAMS 0x00000000c6000000 space 1024K,   0% used [0x00000000c6000000, 0x00000000c6100000)
AC   0  F    TS     0 PTAMS 0x00000000c6100000 NTAMS 0x00000000c6100000 space 1024K,   0% used [0x00000000c6100000, 0x00000000c6200000)
AC   0  F    TS     0 PTAMS 0x00000000c6200000 NTAMS 0x00000000c6200000 space 1024K,   0% used [0x00000000c6200000, 0x00000000c6300000)
AC   0  F    TS     0 PTAMS 0x00000000c6300000 NTAMS 0x00000000c6300000 space 1024K,   0% used [0x00000000c6300000, 0x00000000c6400000)
AC   0  F    TS     0 PTAMS 0x00000000c6400000 NTAMS 0x00000000c6400000 space 1024K,   0% used [0x00000000c6400000, 0x00000000c6500000)
AC   0  F    TS     0 PTAMS 0x00000000c6500000 NTAMS 0x00000000c6500000 space 1024K,   0% used [0x00000000c6500000, 0x00000000c6600000)
AC   0  F    TS     0 PTAMS 0x00000000c6600000 NTAMS 0x00000000c6600000 space 1024K,   0% used [0x00000000c6600000, 0x00000000c6700000)
AC   0  F    TS     0 PTAMS 0x00000000c6700000 NTAMS 0x00000000c6700000 space 1024K,   0% used [0x00000000c6700000, 0x00000000c6800000)
AC   0  F    TS     0 PTAMS 0x00000000c6800000 NTAMS 0x00000000c6800000 space 1024K,   0% used [0x00000000c6800000, 0x00000000c6900000)
AC   0  F    TS     0 PTAMS 0x00000000c6900000 NTAMS 0x00000000c6900000 space 1024K,   0% used [0x00000000c6900000, 0x00000000c6a00000)
AC   0  F    TS     0 PTAMS 0x00000000c6a00000 NTAMS 0x00000000c6a00000 space 1024K,   0% used [0x00000000c6a00000, 0x00000000c6b00000)
AC   0  F    TS     0 PTAMS 0x00000000c6b00000 NTAMS 0x00000000c6b00000 space 1024K,   0% used [0x00000000c6b00000, 0x00000000c6c00000)
AC   0  F    TS     0 PTAMS 0x00000000c6c00000 NTAMS 0x00000000c6c00000 space 1024K,   0% used [0x00000000c6c00000, 0x00000000c6d00000)
AC   0  F    TS     0 PTAMS 0x00000000c6d00000 NTAMS 0x00000000c6d00000 space 1024K,   0% used [0x00000000c6d00000, 0x00000000c6e00000)
AC   0  F    TS     0 PTAMS 0x00000000c6e00000 NTAMS 0x00000000c6e00000 space 1024K,   0% used [0x00000000c6e00000, 0x00000000c6f00000)
AC   0  F    TS     0 PTAMS 0x00000000c6f00000 NTAMS 0x00000000c6f00000 space 1024K,   0% used [0x00000000c6f00000, 0x00000000c7000000)
AC   0  F    TS     0 PTAMS 0x00000000c7000000 NTAMS 0x00000000c7000000 space 1024K,   0% used [0x00000000c7000000, 0x00000000c7100000)
AC   0  E    TS     0 PTAMS 0x00000000c7100000 NTAMS 0x00000000c7100000 space 1024K,  50% used [0x00000000c7100000, 0x00000000c7200000)
AC   0  E CS TS     0 PTAMS 0x00000000c7200000 NTAMS 0x00000000c7200000 space 1024K, 100% used [0x00000000c7200000, 0x00000000c7300000)
AC   0  E CS TS     0 PTAMS 0x00000000c7300000 NTAMS 0x00000000c7300000 space 1024K, 100% used [0x00000000c7300000, 0x00000000c7400000)
AC   0  E CS TS     0 PTAMS 0x00000000c7400000 NTAMS 0x00000000c7400000 space 1024K, 100% used [0x00000000c7400000, 0x00000000c7500000)
AC   0  E CS TS     0 PTAMS 0x00000000c7500000 NTAMS 0x00000000c7500000 space 1024K, 100% used [0x00000000c7500000, 0x00000000c7600000)
AC   0  E CS TS     0 PTAMS 0x00000000c7600000 NTAMS 0x00000000c7600000 space 1024K, 100% used [0x00000000c7600000, 0x00000000c7700000)
AC   0  E CS TS     0 PTAMS 0x00000000c7700000 NTAMS 0x00000000c7700000 space 1024K, 100% used [0x00000000c7700000, 0x00000000c7800000)
AC   0  E CS TS     0 PTAMS 0x00000000c7800000 NTAMS 0x00000000c7800000 space 1024K, 100% used [0x00000000c7800000, 0x00000000c7900000)
AC   0  E CS TS     0 PTAMS 0x00000000c7900000 NTAMS 0x00000000c7900000 space 1024K, 100% used [0x00000000c7900000, 0x00000000c7a00000)
AC   0  E CS TS     0 PTAMS 0x00000000c7a00000 NTAMS 0x00000000c7a00000 space 1024K, 100% used [0x00000000c7a00000, 0x00000000c7b00000)
AC   0  E CS TS     0 PTAMS 0x00000000c7b00000 NTAMS 0x00000000c7b00000 space 1024K, 100% used [0x00000000c7b00000, 0x00000000c7c00000)
AC   0  E CS TS     0 PTAMS 0x00000000c7c00000 NTAMS 0x00000000c7c00000 space 1024K, 100% used [0x00000000c7c00000, 0x00000000c7d00000)
AC   0  E CS TS     0 PTAMS 0x00000000c7d00000 NTAMS 0x00000000c7d00000 space 1024K, 100% used [0x00000000c7d00000, 0x00000000c7e00000)
AC   0  E CS TS     0 PTAMS 0x00000000c7e00000 NTAMS 0x00000000c7e00000 space 1024K, 100% used [0x00000000c7e00000, 0x00000000c7f00000)
AC   0  E CS TS     0 PTAMS 0x00000000c7f00000 NTAMS 0x00000000c7f00000 space 1024K, 100% used [0x00000000c7f00000, 0x00000000c8000000)

Card table byte_map: [0x00000000129d0000,0x0000000012bd0000] byte_map_base: 0x00000000123d0000

Marking Bits (Prev, Next): (CMBitMap*) 0x00000000023f6a78, (CMBitMap*) 0x00000000023f6ad0
 Prev Bits: [0x0000000012dd0000, 0x0000000013dd0000)
 Next Bits: [0x0000000013dd0000, 0x0000000014dd0000)

Polling page: 0x00000000023a0000

CodeCache: size=245760Kb used=16294Kb max_used=16307Kb free=229465Kb
 bounds [0x00000000024d0000, 0x00000000034e0000, 0x00000000114d0000]
 total_blobs=4813 nmethods=4226 adapters=499
 compilation: enabled

Compilation events (10 events):
Event: 77.287 Thread 0x0000000018205000 nmethod 5022 0x000000000347a6d0 code [0x000000000347a880, 0x000000000347b008]
Event: 77.287 Thread 0x0000000018201800 5023   !   4       org.eclipse.jdt.internal.core.search.indexing.IndexManager::indexDocument (31 bytes)
Event: 77.360 Thread 0x0000000018201800 nmethod 5023 0x00000000034d17d0 code [0x00000000034d19a0, 0x00000000034d2f38]
Event: 77.360 Thread 0x0000000018201800 5024       4       org.eclipse.jdt.internal.core.search.JavaSearchParticipant::indexDocument (80 bytes)
Event: 77.422 Thread 0x0000000018201800 nmethod 5024 0x00000000034d41d0 code [0x00000000034d43a0, 0x00000000034d5658]
Event: 77.464 Thread 0x0000000018201800 5025       4       java.util.ArrayList::toArray (60 bytes)
Event: 77.474 Thread 0x0000000018201800 nmethod 5025 0x0000000003470810 code [0x0000000003470960, 0x0000000003470ed8]
Event: 77.474 Thread 0x0000000018201800 5026       4       org.eclipse.jdt.internal.compiler.classfmt.InnerClassInfo::getSourceName (57 bytes)
Event: 77.492 Thread 0x0000000018201800 nmethod 5026 0x0000000002f95290 code [0x0000000002f953e0, 0x0000000002f95a78]
Event: 77.496 Thread 0x0000000018205000 5027   !   3       org.eclipse.jdt.internal.core.search.indexing.BinaryIndexer::indexDocument (1159 bytes)

GC Heap History (10 events):
Event: 76.562 GC heap before
{Heap before GC invocations=57 (full 0):
 garbage-first heap   total 65536K, used 55882K [0x00000000c0000000, 0x00000000c0100200, 0x0000000100000000)
  region size 1024K, 3 young (3072K), 1 survivors (1024K)
 Metaspace       used 44923K, capacity 47176K, committed 47312K, reserved 1091584K
  class space    used 4812K, capacity 5579K, committed 5632K, reserved 1048576K
Event: 76.569 GC heap after
Heap after GC invocations=58 (full 0):
 garbage-first heap   total 65536K, used 54429K [0x00000000c0000000, 0x00000000c0100200, 0x0000000100000000)
  region size 1024K, 1 young (1024K), 1 survivors (1024K)
 Metaspace       used 44923K, capacity 47176K, committed 47312K, reserved 1091584K
  class space    used 4812K, capacity 5579K, committed 5632K, reserved 1048576K
}
Event: 76.581 GC heap before
{Heap before GC invocations=58 (full 0):
 garbage-first heap   total 65536K, used 56477K [0x00000000c0000000, 0x00000000c0100200, 0x0000000100000000)
  region size 1024K, 3 young (3072K), 1 survivors (1024K)
 Metaspace       used 44924K, capacity 47176K, committed 47312K, reserved 1091584K
  class space    used 4812K, capacity 5579K, committed 5632K, reserved 1048576K
Event: 76.593 GC heap after
Heap after GC invocations=59 (full 0):
 garbage-first heap   total 65536K, used 50314K [0x00000000c0000000, 0x00000000c0100200, 0x0000000100000000)
  region size 1024K, 1 young (1024K), 1 survivors (1024K)
 Metaspace       used 44924K, capacity 47176K, committed 47312K, reserved 1091584K
  class space    used 4812K, capacity 5579K, committed 5632K, reserved 1048576K
}
Event: 76.621 GC heap before
{Heap before GC invocations=59 (full 0):
 garbage-first heap   total 65536K, used 52362K [0x00000000c0000000, 0x00000000c0100200, 0x0000000100000000)
  region size 1024K, 3 young (3072K), 1 survivors (1024K)
 Metaspace       used 44924K, capacity 47176K, committed 47312K, reserved 1091584K
  class space    used 4812K, capacity 5579K, committed 5632K, reserved 1048576K
Event: 76.643 GC heap after
Heap after GC invocations=60 (full 0):
 garbage-first heap   total 65536K, used 51505K [0x00000000c0000000, 0x00000000c0100200, 0x0000000100000000)
  region size 1024K, 1 young (1024K), 1 survivors (1024K)
 Metaspace       used 44924K, capacity 47176K, committed 47312K, reserved 1091584K
  class space    used 4812K, capacity 5579K, committed 5632K, reserved 1048576K
}
Event: 76.742 GC heap before
{Heap before GC invocations=60 (full 0):
 garbage-first heap   total 65536K, used 56625K [0x00000000c0000000, 0x00000000c0100200, 0x0000000100000000)
  region size 1024K, 6 young (6144K), 1 survivors (1024K)
 Metaspace       used 44927K, capacity 47176K, committed 47312K, reserved 1091584K
  class space    used 4812K, capacity 5579K, committed 5632K, reserved 1048576K
Event: 76.758 GC heap after
Heap after GC invocations=61 (full 0):
 garbage-first heap   total 65536K, used 53600K [0x00000000c0000000, 0x00000000c0100200, 0x0000000100000000)
  region size 1024K, 1 young (1024K), 1 survivors (1024K)
 Metaspace       used 44927K, capacity 47176K, committed 47312K, reserved 1091584K
  class space    used 4812K, capacity 5579K, committed 5632K, reserved 1048576K
}
Event: 76.829 GC heap before
{Heap before GC invocations=61 (full 0):
 garbage-first heap   total 65536K, used 56672K [0x00000000c0000000, 0x00000000c0100200, 0x0000000100000000)
  region size 1024K, 4 young (4096K), 1 survivors (1024K)
 Metaspace       used 44927K, capacity 47176K, committed 47312K, reserved 1091584K
  class space    used 4812K, capacity 5579K, committed 5632K, reserved 1048576K
Event: 76.839 GC heap after
Heap after GC invocations=62 (full 0):
 garbage-first heap   total 131072K, used 54525K [0x00000000c0000000, 0x00000000c0100400, 0x0000000100000000)
  region size 1024K, 1 young (1024K), 1 survivors (1024K)
 Metaspace       used 44927K, capacity 47176K, committed 47312K, reserved 1091584K
  class space    used 4812K, capacity 5579K, committed 5632K, reserved 1048576K
}

Deoptimization events (10 events):
Event: 72.619 Thread 0x0000000019ca9000 Uncommon trap: reason=unstable_if action=reinterpret pc=0x000000000334465c method=org.eclipse.jdt.internal.compiler.classfmt.FieldInfo.createField([B[IIJ)Lorg/eclipse/jdt/internal/compiler/classfmt/FieldInfo; @ 120
Event: 72.619 Thread 0x0000000019ca9000 Uncommon trap: reason=unstable_if action=reinterpret pc=0x00000000031389a8 method=org.eclipse.jdt.internal.compiler.classfmt.MethodInfo.createMethod([B[IIJ)Lorg/eclipse/jdt/internal/compiler/classfmt/MethodInfo; @ 167
Event: 72.620 Thread 0x0000000019ca9000 Uncommon trap: reason=unstable_if action=reinterpret pc=0x00000000025eec54 method=org.eclipse.jdt.internal.compiler.classfmt.MethodInfo.readModifierRelatedAttributes()V @ 136
Event: 72.730 Thread 0x0000000019ca9000 Uncommon trap: reason=unstable_if action=reinterpret pc=0x000000000316f6a8 method=org.eclipse.jdt.internal.core.search.indexing.BinaryContainer.isValidPackageNameForClassOrisModule(Ljava/lang/String;)Z @ 131
Event: 72.776 Thread 0x0000000019ca9000 Uncommon trap: reason=unstable_if action=reinterpret pc=0x0000000003409530 method=org.eclipse.jdt.internal.core.search.indexing.BinaryIndexer.decodeReturnType([C)[C @ 359
Event: 72.949 Thread 0x0000000019ca9000 Uncommon trap: reason=unstable_if action=reinterpret pc=0x000000000344d4dc method=org.eclipse.jdt.internal.core.search.indexing.BinaryIndexer.indexDocument()V @ 451
Event: 76.508 Thread 0x0000000019ca9000 Uncommon trap: reason=unstable_if action=reinterpret pc=0x000000000340dfc0 method=org.eclipse.jdt.internal.compiler.classfmt.ClassFileReader.<init>([B[CZ)V @ 702
Event: 76.646 Thread 0x0000000019ca9000 Uncommon trap: reason=unstable_if action=reinterpret pc=0x000000000349625c method=org.eclipse.jdt.internal.compiler.classfmt.ClassFileReader.isLocal()Z @ 30
Event: 76.646 Thread 0x0000000019ca9000 Uncommon trap: reason=unstable_if action=reinterpret pc=0x00000000034737e8 method=org.eclipse.jdt.internal.core.search.matching.ConstructorPattern.encodeExtraFlags(I)I @ 17
Event: 77.100 Thread 0x0000000019ca9000 Uncommon trap: reason=unstable_if action=reinterpret pc=0x000000000319f018 method=org.eclipse.jdt.internal.compiler.classfmt.FieldInfo.createField([B[IIJ)Lorg/eclipse/jdt/internal/compiler/classfmt/FieldInfo; @ 435

Internal exceptions (10 events):
Event: 68.332 Thread 0x000000001c6ed000 Exception <a 'java/lang/ArrayIndexOutOfBoundsException': 190> (0x00000000c39cd758) thrown at [C:\re\workspace\8-2-build-windows-amd64-cygwin\jdk8u151\9699\hotspot\src\share\vm\interpreter\interpreterRuntime.cpp, line 366]
Event: 68.355 Thread 0x000000001c6ed000 Exception <a 'java/lang/ArrayIndexOutOfBoundsException': 190> (0x00000000c3809f10) thrown at [C:\re\workspace\8-2-build-windows-amd64-cygwin\jdk8u151\9699\hotspot\src\share\vm\interpreter\interpreterRuntime.cpp, line 366]
Event: 68.372 Thread 0x000000001c6ed000 Exception <a 'java/lang/ArrayIndexOutOfBoundsException': 0> (0x00000000c38544b0) thrown at [C:\re\workspace\8-2-build-windows-amd64-cygwin\jdk8u151\9699\hotspot\src\share\vm\interpreter\interpreterRuntime.cpp, line 366]
Event: 68.374 Thread 0x000000001c6ed000 Exception <a 'java/lang/ArrayIndexOutOfBoundsException': 0> (0x00000000c38720b0) thrown at [C:\re\workspace\8-2-build-windows-amd64-cygwin\jdk8u151\9699\hotspot\src\share\vm\interpreter\interpreterRuntime.cpp, line 366]
Event: 68.459 Thread 0x000000001c6f0000 Exception <a 'java/lang/ArrayIndexOutOfBoundsException'> (0x00000000c38e97e0) thrown at [C:\re\workspace\8-2-build-windows-amd64-cygwin\jdk8u151\9699\hotspot\src\share\vm\runtime\sharedRuntime.cpp, line 605]
Event: 68.575 Thread 0x000000001c6f0000 Exception <a 'sun/nio/fs/WindowsException'> (0x00000000c3511e38) thrown at [C:\re\workspace\8-2-build-windows-amd64-cygwin\jdk8u151\9699\hotspot\src\share\vm\prims\jni.cpp, line 709]
Event: 68.575 Thread 0x000000001c6f0000 Exception <a 'sun/nio/fs/WindowsException'> (0x00000000c3513930) thrown at [C:\re\workspace\8-2-build-windows-amd64-cygwin\jdk8u151\9699\hotspot\src\share\vm\prims\jni.cpp, line 709]
Event: 68.745 Thread 0x000000001c6f0000 Exception <a 'java/lang/ArrayIndexOutOfBoundsException'> (0x00000000c35c3a40) thrown at [C:\re\workspace\8-2-build-windows-amd64-cygwin\jdk8u151\9699\hotspot\src\share\vm\runtime\sharedRuntime.cpp, line 605]
Event: 68.832 Thread 0x0000000019ca9000 Implicit null exception at 0x00000000033c113c to 0x00000000033c9699
Event: 71.012 Thread 0x0000000019ca9000 Implicit null exception at 0x00000000034199b1 to 0x00000000034257a1

Events (10 events):
Event: 77.171 Thread 0x0000000019ca9000 DEOPT PACKING pc=0x00000000034811ab sp=0x000000001bbef090
Event: 77.171 Thread 0x0000000019ca9000 DEOPT UNPACKING pc=0x000000000251787f sp=0x000000001bbeee50 mode 0
Event: 77.276 Thread 0x0000000019ca9000 DEOPT PACKING pc=0x00000000034811ab sp=0x000000001bbef090
Event: 77.276 Thread 0x0000000019ca9000 DEOPT UNPACKING pc=0x000000000251787f sp=0x000000001bbeee50 mode 0
Event: 77.285 Thread 0x0000000019ca9000 DEOPT PACKING pc=0x00000000034bcfdf sp=0x000000001bbef1e0
Event: 77.285 Thread 0x0000000019ca9000 DEOPT UNPACKING pc=0x000000000251787f sp=0x000000001bbef050 mode 0
Event: 77.495 Thread 0x0000000019ca9000 DEOPT PACKING pc=0x00000000034811ab sp=0x000000001bbef0f0
Event: 77.496 Thread 0x0000000019ca9000 DEOPT UNPACKING pc=0x000000000251787f sp=0x000000001bbeeeb0 mode 0
Event: 77.501 Thread 0x0000000019ca9000 DEOPT PACKING pc=0x00000000034bcfdf sp=0x000000001bbef240
Event: 77.501 Thread 0x0000000019ca9000 DEOPT UNPACKING pc=0x000000000251787f sp=0x000000001bbef0b0 mode 0


Dynamic libraries:
0x00007ff65e220000 - 0x00007ff65e257000 	C:\Program Files\Java\jdk1.8.0_151\bin\java.exe
0x00007ffc11730000 - 0x00007ffc11911000 	C:\WINDOWS\SYSTEM32\ntdll.dll
0x00007ffc0f590000 - 0x00007ffc0f642000 	C:\WINDOWS\System32\KERNEL32.DLL
0x00007ffc0e2e0000 - 0x00007ffc0e553000 	C:\WINDOWS\System32\KERNELBASE.dll
0x00007ffc11580000 - 0x00007ffc11621000 	C:\WINDOWS\System32\ADVAPI32.dll
0x00007ffc0ebf0000 - 0x00007ffc0ec8e000 	C:\WINDOWS\System32\msvcrt.dll
0x00007ffc11630000 - 0x00007ffc1168b000 	C:\WINDOWS\System32\sechost.dll
0x00007ffc0f3d0000 - 0x00007ffc0f4f4000 	C:\WINDOWS\System32\RPCRT4.dll
0x00007ffc0f0e0000 - 0x00007ffc0f270000 	C:\WINDOWS\System32\USER32.dll
0x00007ffc0e2c0000 - 0x00007ffc0e2e0000 	C:\WINDOWS\System32\win32u.dll
0x00007ffc0ebc0000 - 0x00007ffc0ebe8000 	C:\WINDOWS\System32\GDI32.dll
0x00007ffc0e830000 - 0x00007ffc0e9c2000 	C:\WINDOWS\System32\gdi32full.dll
0x00007ffc0e6c0000 - 0x00007ffc0e75f000 	C:\WINDOWS\System32\msvcp_win.dll
0x00007ffc0e5c0000 - 0x00007ffc0e6ba000 	C:\WINDOWS\System32\ucrtbase.dll
0x00007ffc02790000 - 0x00007ffc029f9000 	C:\WINDOWS\WinSxS\amd64_microsoft.windows.common-controls_6595b64144ccf1df_6.0.17134.165_none_fb429645306569ac\COMCTL32.dll
0x00007ffc110b0000 - 0x00007ffc113d3000 	C:\WINDOWS\System32\combase.dll
0x00007ffc0e7b0000 - 0x00007ffc0e82a000 	C:\WINDOWS\System32\bcryptPrimitives.dll
0x00007ffc10c40000 - 0x00007ffc10c6d000 	C:\WINDOWS\System32\IMM32.DLL
0x00000000775e0000 - 0x00000000776b2000 	C:\Program Files\Java\jdk1.8.0_151\jre\bin\msvcr100.dll
0x0000000076000000 - 0x000000007689d000 	C:\Program Files\Java\jdk1.8.0_151\jre\bin\server\jvm.dll
0x00007ffc0f500000 - 0x00007ffc0f508000 	C:\WINDOWS\System32\PSAPI.DLL
0x00007ffc0a3a0000 - 0x00007ffc0a3a9000 	C:\WINDOWS\SYSTEM32\WSOCK32.dll
0x00007ffc10fa0000 - 0x00007ffc1100c000 	C:\WINDOWS\System32\WS2_32.dll
0x00007ffc0b770000 - 0x00007ffc0b793000 	C:\WINDOWS\SYSTEM32\WINMM.dll
0x00007ffc02a10000 - 0x00007ffc02a1a000 	C:\WINDOWS\SYSTEM32\VERSION.dll
0x00007ffc0b740000 - 0x00007ffc0b76a000 	C:\WINDOWS\SYSTEM32\WINMMBASE.dll
0x00007ffc0e760000 - 0x00007ffc0e7a9000 	C:\WINDOWS\System32\cfgmgr32.dll
0x00000000775d0000 - 0x00000000775df000 	C:\Program Files\Java\jdk1.8.0_151\jre\bin\verify.dll
0x00000000775a0000 - 0x00000000775c9000 	C:\Program Files\Java\jdk1.8.0_151\jre\bin\java.dll
0x0000000077580000 - 0x0000000077596000 	C:\Program Files\Java\jdk1.8.0_151\jre\bin\zip.dll
0x00007ffc0f650000 - 0x00007ffc10a90000 	C:\WINDOWS\System32\SHELL32.dll
0x00007ffc10ee0000 - 0x00007ffc10f89000 	C:\WINDOWS\System32\shcore.dll
0x00007ffc0dbb0000 - 0x00007ffc0e2bd000 	C:\WINDOWS\System32\windows.storage.dll
0x00007ffc116a0000 - 0x00007ffc116f1000 	C:\WINDOWS\System32\shlwapi.dll
0x00007ffc0dae0000 - 0x00007ffc0daf1000 	C:\WINDOWS\System32\kernel.appcore.dll
0x00007ffc0dac0000 - 0x00007ffc0dadf000 	C:\WINDOWS\System32\profapi.dll
0x00007ffc0da50000 - 0x00007ffc0da9c000 	C:\WINDOWS\System32\powrprof.dll
0x00007ffc0da40000 - 0x00007ffc0da4a000 	C:\WINDOWS\System32\FLTLIB.DLL
0x00007ffc0d420000 - 0x00007ffc0d437000 	C:\WINDOWS\SYSTEM32\CRYPTSP.dll
0x00007ffc0ce40000 - 0x00007ffc0ce73000 	C:\WINDOWS\system32\rsaenh.dll
0x00007ffc0d5a0000 - 0x00007ffc0d5c5000 	C:\WINDOWS\SYSTEM32\bcrypt.dll
0x00007ffc0d970000 - 0x00007ffc0d998000 	C:\WINDOWS\SYSTEM32\USERENV.dll
0x00007ffc0d410000 - 0x00007ffc0d41b000 	C:\WINDOWS\SYSTEM32\CRYPTBASE.dll
0x0000000077480000 - 0x000000007749a000 	C:\Program Files\Java\jdk1.8.0_151\jre\bin\net.dll
0x00007ffc0d260000 - 0x00007ffc0d2c6000 	C:\WINDOWS\system32\mswsock.dll
0x00007ffc0cfe0000 - 0x00007ffc0d018000 	C:\WINDOWS\SYSTEM32\IPHLPAPI.DLL
0x00007ffc11690000 - 0x00007ffc11698000 	C:\WINDOWS\System32\NSI.dll
0x00007ffc051c0000 - 0x00007ffc051d6000 	C:\WINDOWS\SYSTEM32\dhcpcsvc6.DLL
0x00007ffc05cb0000 - 0x00007ffc05cca000 	C:\WINDOWS\SYSTEM32\dhcpcsvc.DLL
0x0000000077460000 - 0x0000000077471000 	C:\Program Files\Java\jdk1.8.0_151\jre\bin\nio.dll
0x00007ffc01a60000 - 0x00007ffc01a89000 	C:\Users\CHRISTIAN\.vscode\extensions\redhat.java-0.28.0\server\config_win\org.eclipse.equinox.launcher\org.eclipse.equinox.launcher.win32.win32.x86_64_1.1.800.v20180611-1436\eclipse_1705.dll
0x00007ffc05ed0000 - 0x00007ffc05ee1000 	C:\Users\CHRISTIAN\.vscode\extensions\redhat.java-0.28.0\server\config_win\org.eclipse.osgi\24\0\.cp\jWinHttp-1.0.0.dll
0x00007ffc0f270000 - 0x00007ffc0f3c1000 	C:\WINDOWS\System32\ole32.dll
0x00007ffc06740000 - 0x00007ffc0681c000 	C:\WINDOWS\SYSTEM32\WINHTTP.dll
0x00000000770c0000 - 0x00000000770e4000 	C:\Program Files\Java\jdk1.8.0_151\jre\bin\sunec.dll
0x0000000077570000 - 0x000000007757b000 	C:\Program Files\Java\jdk1.8.0_151\jre\bin\sunmscapi.dll
0x00007ffc0e9d0000 - 0x00007ffc0ebb2000 	C:\WINDOWS\System32\CRYPT32.dll
0x00007ffc0daa0000 - 0x00007ffc0dab2000 	C:\WINDOWS\System32\MSASN1.dll
0x00007ffc0d020000 - 0x00007ffc0d0de000 	C:\WINDOWS\SYSTEM32\DNSAPI.dll
0x00007ffc031a0000 - 0x00007ffc031aa000 	C:\Windows\System32\rasadhlp.dll
0x00007ffc04050000 - 0x00007ffc040c2000 	C:\WINDOWS\System32\fwpuclnt.dll

VM Arguments:
jvm_args: -Declipse.application=org.eclipse.jdt.ls.core.id1 -Dosgi.bundles.defaultStartLevel=4 -Declipse.product=org.eclipse.jdt.ls.core.product -Xverify:none -Xmx1G -XX:+UseG1GC -XX:+UseStringDeduplication 
java_command: C:\Users\CHRISTIAN\.vscode\extensions\redhat.java-0.28.0\server\plugins\org.eclipse.equinox.launcher_1.5.100.v20180611-1436.jar -configuration C:\Users\CHRISTIAN\.vscode\extensions\redhat.java-0.28.0\server\config_win -data C:\Users\CHRISTIAN\AppData\Roaming\Code\User\workspaceStorage\3a9399a9427efd558248e867a8335bea\redhat.java\jdt_ws
java_class_path (initial): C:\Users\CHRISTIAN\.vscode\extensions\redhat.java-0.28.0\server\plugins\org.eclipse.equinox.launcher_1.5.100.v20180611-1436.jar
Launcher Type: SUN_STANDARD

Environment Variables:
JAVA_HOME=C:\Program Files\Java\jdk1.8.0_151
PATH=C:\ProgramData\Oracle\Java\javapath;C:\WINDOWS\system32;C:\WINDOWS;C:\WINDOWS\System32\Wbem;C:\WINDOWS\System32\WindowsPowerShell\v1.0\;C:\Program Files\Java\jdk1.8.0_151\bin;C:\Program Files\Java\jre1.8.0_151\bin;C:\Program Files (x86)\Calibre2\;C:\WINDOWS\System32\OpenSSH\;C:\Program Files\Git\cmd;C:\Program Files\Microsoft VS Code\bin;C:\Program Files\PuTTY\;C:\MinGW\bin;C:\Users\CHRISTIAN\AppData\Local\Programs\Python\Python37\Scripts\;C:\Users\CHRISTIAN\AppData\Local\Programs\Python\Python37\;C:\Program Files\Microsoft VS Code\bin;C:\Users\CHRISTIAN\AppData\Local\Microsoft\WindowsApps;C:\Python34;
USERNAME=CHRISTIAN
OS=Windows_NT
PROCESSOR_IDENTIFIER=Intel64 Family 6 Model 61 Stepping 4, GenuineIntel



---------------  S Y S T E M  ---------------

OS: Windows 10.0 , 64 bit Build 17134 (10.0.17134.1)

CPU:total 4 (initial active 4) (2 cores per cpu, 2 threads per core) family 6 model 61 stepping 4, cmov, cx8, fxsr, mmx, sse, sse2, sse3, ssse3, sse4.1, sse4.2, popcnt, avx, avx2, aes, clmul, erms, 3dnowpref, lzcnt, ht, tsc, tscinvbit, bmi1, bmi2, adx

Memory: 4k page, physical 4113068k(337204k free), swap 5544620k(4128k free)

vm_info: Java HotSpot(TM) 64-Bit Server VM (25.151-b12) for windows-amd64 JRE (1.8.0_151-b12), built on Sep  5 2017 19:33:46 by "java_re" with MS VC++ 10.0 (VS2010)

time: Wed Jul 25 06:09:29 2018
elapsed time: 77 seconds (0d 0h 1m 17s)

